<?xml version="1.0" encoding="UTF-8"?>
<!-- Generated by org.testng.reporters.JUnitReportReporter -->
<testsuite hostname="Dell-PC" failures="0" tests="1" name="Cucumberoptions.Runner" time="109.814" errors="0" timestamp="2020-05-13T10:45:35 IST" skipped="0">
  <testcase classname="Cucumberoptions.Runner" name="run_cukes" time="109.814"/>
</testsuite> <!-- Cucumberoptions.Runner -->
