<?xml version="1.0" encoding="UTF-8"?>
<!-- Generated by org.testng.reporters.JUnitReportReporter -->
<testsuite hostname="Dell-PC" failures="0" tests="1" name="Academy.ValNav" time="0.000" errors="0" timestamp="2020-05-07T22:41:36 IST" skipped="1">
  <testcase classname="Academy.ValNav" name="basePageNavigation" time="0.000">
    <skipped/>
  </testcase> <!-- basePageNavigation -->
</testsuite> <!-- Academy.ValNav -->
