<?xml version="1.0" encoding="UTF-8"?>
<!-- Generated by org.testng.reporters.JUnitReportReporter -->
<testsuite hostname="Dell-PC" failures="0" tests="2" name="Academy.HomePage" time="79.780" errors="0" timestamp="2020-05-12T19:04:18 IST" skipped="0">
  <testcase classname="Academy.HomePage" name="basePageNavigation" time="25.916"/>
  <testcase classname="Academy.HomePage" name="basePageNavigation" time="53.864"/>
</testsuite> <!-- Academy.HomePage -->
