<?xml version="1.0" encoding="UTF-8"?>
<!-- Generated by org.testng.reporters.JUnitReportReporter -->
<testsuite hostname="Dell-PC" failures="0" tests="1" name="Academy.TitlePage" time="0.331" errors="0" timestamp="2020-05-08T15:13:10 IST" skipped="0">
  <testcase classname="Academy.TitlePage" name="basePageNavigation" time="0.331"/>
</testsuite> <!-- Academy.TitlePage -->
