<?xml version="1.0" encoding="UTF-8"?>
<!-- Generated by org.testng.reporters.JUnitReportReporter -->
<testsuite hostname="Dell-PC" failures="0" tests="1" name="Academy.validateNavigationBar" time="1.024" errors="0" timestamp="2020-05-10T19:01:35 IST" skipped="0">
  <testcase classname="Academy.validateNavigationBar" name="validateAppNavBar" time="1.024"/>
</testsuite> <!-- Academy.validateNavigationBar -->
