<?xml version="1.0" encoding="UTF-8"?>
<!-- Generated by org.testng.reporters.JUnitReportReporter -->
<testsuite hostname="Dell-PC" failures="0" tests="1" name="Cucumberoptions.Runner" time="181.332" errors="0" timestamp="2020-05-13T10:53:17 IST" skipped="0">
  <testcase classname="Cucumberoptions.Runner" name="run_cukes" time="181.332"/>
</testsuite> <!-- Cucumberoptions.Runner -->
