<?xml version="1.0" encoding="UTF-8"?>
<!-- Generated by org.testng.reporters.JUnitReportReporter -->
<testsuite hostname="Dell-PC" failures="0" tests="2" name="Academy.validateTitle" time="1.615" errors="0" timestamp="2020-05-10T19:01:35 IST" skipped="0">
  <testcase classname="Academy.validateTitle" name="validateAppTitle" time="1.541"/>
  <testcase classname="Academy.validateTitle" name="validateheader" time="0.074"/>
</testsuite> <!-- Academy.validateTitle -->
