<?xml version="1.0" encoding="UTF-8"?>
<!-- Generated by org.testng.reporters.JUnitReportReporter -->
<testsuite hostname="Dell-PC" failures="0" tests="2" name="Academy.HomePage" time="86.744" errors="0" timestamp="2020-05-10T19:01:35 IST" skipped="0">
  <testcase classname="Academy.HomePage" name="basePageNavigation" time="8.897"/>
  <testcase classname="Academy.HomePage" name="basePageNavigation" time="77.847"/>
</testsuite> <!-- Academy.HomePage -->
